# JRE version: OpenJDK Runtime Environment JBR-11.0.9.1.11-1145.63-jcef (11.0.9.1+11) (build 11.0.9.1+11-b1145.63)
# Java VM: OpenJDK 64-Bit Server VM JBR-11.0.9.1.11-1145.63-jcef (11.0.9.1+11-b1145.63, mixed mode, tiered, compressed oops, g1 gc, windows-amd64)
Heap:
 garbage-first heap   total 131072K, used 10346K [0x00000000d0c00000, 0x0000000100000000)
  region size 1024K, 6 young (6144K), 0 survivors (0K)
 Metaspace       used 20857K, capacity 21238K, committed 22064K, reserved 1069056K
  class space    used 2080K, capacity 2198K, committed 2432K, reserved 1048576K
GC Heap History (16 events):
Event: 2.489 GC heap before
{Heap before GC invocations=0 (full 0):
 garbage-first heap   total 131072K, used 13312K [0x00000000d0c00000, 0x0000000100000000)
  region size 1024K, 14 young (14336K), 0 survivors (0K)
 Metaspace       used 13014K, capacity 13418K, committed 13568K, reserved 1060864K
  class space    used 1328K, capacity 1509K, committed 1536K, reserved 1048576K
}
Event: 2.496 GC heap after
{Heap after GC invocations=1 (full 0):
 garbage-first heap   total 131072K, used 3240K [0x00000000d0c00000, 0x0000000100000000)
  region size 1024K, 2 young (2048K), 2 survivors (2048K)
 Metaspace       used 13014K, capacity 13418K, committed 13568K, reserved 1060864K
  class space    used 1328K, capacity 1509K, committed 1536K, reserved 1048576K
}
Event: 2.894 GC heap before
{Heap before GC invocations=1 (full 0):
 garbage-first heap   total 131072K, used 9384K [0x00000000d0c00000, 0x0000000100000000)
  region size 1024K, 8 young (8192K), 2 survivors (2048K)
 Metaspace       used 15208K, capacity 15667K, committed 15872K, reserved 1062912K
  class space    used 1564K, capacity 1726K, committed 1792K, reserved 1048576K
}
Event: 2.903 GC heap after
{Heap after GC invocations=2 (full 0):
 garbage-first heap   total 131072K, used 4968K [0x00000000d0c00000, 0x0000000100000000)
  region size 1024K, 1 young (1024K), 1 survivors (1024K)
 Metaspace       used 15208K, capacity 15667K, committed 15872K, reserved 1062912K
  class space    used 1564K, capacity 1726K, committed 1792K, reserved 1048576K
}
Event: 4.867 GC heap before
{Heap before GC invocations=2 (full 0):
 garbage-first heap   total 131072K, used 21352K [0x00000000d0c00000, 0x0000000100000000)
  region size 1024K, 18 young (18432K), 1 survivors (1024K)
 Metaspace       used 20626K, capacity 21124K, committed 21296K, reserved 1069056K
  class space    used 2150K, capacity 2310K, committed 2432K, reserved 1048576K
}
Event: 4.934 GC heap after
{Heap after GC invocations=3 (full 0):
 garbage-first heap   total 131072K, used 7163K [0x00000000d0c00000, 0x0000000100000000)
  region size 1024K, 3 young (3072K), 3 survivors (3072K)
 Metaspace       used 20626K, capacity 21124K, committed 21296K, reserved 1069056K
  class space    used 2150K, capacity 2310K, committed 2432K, reserved 1048576K
}
Event: 3604.934 GC heap before
{Heap before GC invocations=4 (full 0):
 garbage-first heap   total 131072K, used 15355K [0x00000000d0c00000, 0x0000000100000000)
  region size 1024K, 13 young (13312K), 3 survivors (3072K)
 Metaspace       used 20893K, capacity 21477K, committed 21808K, reserved 1069056K
  class space    used 2154K, capacity 2341K, committed 2432K, reserved 1048576K
}
Event: 3604.956 GC heap after
{Heap after GC invocations=5 (full 1):
 garbage-first heap   total 131072K, used 6811K [0x00000000d0c00000, 0x0000000100000000)
  region size 1024K, 0 young (0K), 0 survivors (0K)
 Metaspace       used 20893K, capacity 21477K, committed 21808K, reserved 1069056K
  class space    used 2154K, capacity 2341K, committed 2432K, reserved 1048576K
}
Event: 7204.870 GC heap before
{Heap before GC invocations=5 (full 1):
 garbage-first heap   total 131072K, used 12955K [0x00000000d0c00000, 0x0000000100000000)
  region size 1024K, 7 young (7168K), 0 survivors (0K)
 Metaspace       used 21082K, capacity 21669K, committed 22064K, reserved 1069056K
  class space    used 2154K, capacity 2341K, committed 2432K, reserved 1048576K
}
Event: 7204.974 GC heap after
{Heap after GC invocations=6 (full 2):
 garbage-first heap   total 131072K, used 6262K [0x00000000d0c00000, 0x0000000100000000)
  region size 1024K, 0 young (0K), 0 survivors (0K)
 Metaspace       used 20764K, capacity 21174K, committed 22064K, reserved 1069056K
  class space    used 2080K, capacity 2198K, committed 2432K, reserved 1048576K
}
Event: 10804.886 GC heap before
{Heap before GC invocations=6 (full 2):
 garbage-first heap   total 131072K, used 11382K [0x00000000d0c00000, 0x0000000100000000)
  region size 1024K, 6 young (6144K), 0 survivors (0K)
 Metaspace       used 20826K, capacity 21174K, committed 22064K, reserved 1069056K
  class space    used 2080K, capacity 2198K, committed 2432K, reserved 1048576K
}
Event: 10804.903 GC heap after
{Heap after GC invocations=7 (full 3):
 garbage-first heap   total 131072K, used 6248K [0x00000000d0c00000, 0x0000000100000000)
  region size 1024K, 0 young (0K), 0 survivors (0K)
 Metaspace       used 20826K, capacity 21174K, committed 22064K, reserved 1069056K
  class space    used 2080K, capacity 2198K, committed 2432K, reserved 1048576K
}
Event: 14404.815 GC heap before
{Heap before GC invocations=7 (full 3):
 garbage-first heap   total 131072K, used 11368K [0x00000000d0c00000, 0x0000000100000000)
  region size 1024K, 6 young (6144K), 0 survivors (0K)
 Metaspace       used 20851K, capacity 21238K, committed 22064K, reserved 1069056K
  class space    used 2080K, capacity 2198K, committed 2432K, reserved 1048576K
}
Event: 14404.831 GC heap after
{Heap after GC invocations=8 (full 4):
 garbage-first heap   total 131072K, used 6250K [0x00000000d0c00000, 0x0000000100000000)
  region size 1024K, 0 young (0K), 0 survivors (0K)
 Metaspace       used 20851K, capacity 21238K, committed 22064K, reserved 1069056K
  class space    used 2080K, capacity 2198K, committed 2432K, reserved 1048576K
}
Event: 18004.742 GC heap before
{Heap before GC invocations=8 (full 4):
 garbage-first heap   total 131072K, used 11370K [0x00000000d0c00000, 0x0000000100000000)
  region size 1024K, 6 young (6144K), 0 survivors (0K)
 Metaspace       used 20854K, capacity 21238K, committed 22064K, reserved 1069056K
  class space    used 2080K, capacity 2198K, committed 2432K, reserved 1048576K
}
Event: 18004.765 GC heap after
{Heap after GC invocations=9 (full 5):
 garbage-first heap   total 131072K, used 6250K [0x00000000d0c00000, 0x0000000100000000)
  region size 1024K, 0 young (0K), 0 survivors (0K)
 Metaspace       used 20854K, capacity 21238K, committed 22064K, reserved 1069056K
  class space    used 2080K, capacity 2198K, committed 2432K, reserved 1048576K
}

